Mono path[0] = 'C:/Users/John Rome Ilagan/Saved Games/Hollow.Knight.Silksong.v1.0.29315/Hollow.Knight.Silksong.v1.0.29315/Hollow Knight Silksong_Data/Managed'
Mono config path = 'C:/Users/John Rome Ilagan/Saved Games/Hollow.Knight.Silksong.v1.0.29315/Hollow.Knight.Silksong.v1.0.29315/MonoBleedingEdge/etc'
Input System module state changed to: Initialized.
[Physics::Module] Initialized fallback backend.
[Physics::Module] Id: 0xdecafbad
Initialize engine version: 6000.0.50f1-uum-100966-branch1 (16f07294548e)
[Subsystems] Discovering subsystems at path C:/Users/John Rome Ilagan/Saved Games/Hollow.Knight.Silksong.v1.0.29315/Hollow.Knight.Silksong.v1.0.29315/Hollow Knight Silksong_Data/UnitySubsystems
GfxDevice: creating device client; kGfxThreadingModeThreaded
Direct3D:
    Version:  Direct3D 11.0 [level 11.1]
    Renderer: NVIDIA GeForce RTX 3050 6GB Laptop GPU (ID=0x25ec)
    Vendor:   NVIDIA
    VRAM:     6002 MB
    Driver:   32.0.15.8186
Begin MonoManager ReloadAssembly
- Loaded All Assemblies, in  0.078 seconds
- Finished resetting the current domain, in  0.002 seconds
[Physics::Module] Selected backend.
[Physics::Module] Name: PhysX
[Physics::Module] Id: 0xf2b8ea05
[Physics::Module] SDK Version: 4.1.2
[Physics::Module] Integration Version: 1.0.0
[Physics::Module] Threading Mode: Multi-Threaded
<RI> Initializing input.
Using Windows.Gaming.Input
<RI> Input initialized.
<RI> Initialized touch support.
UnloadTime: 0.402200 ms
Steam initializing
Steam logged in as PLAYER
Selected online subsystem SteamOnlineSubsystem
Steam stats received.
Unloading 5 Unused Serialized files (Serialized files now loaded: 528)
UnloadTime: 1.011200 ms
Discovered supported languages: DE, EN, ES, FR, IT, JA, KO, PT, RU, ZH
Loaded saved language code 'EN'
Restored language code 'EN'
Couldn't find a Game Manager, make sure one exists in the scene.
Couldn't find a Game Manager, make sure one exists in the scene.
Couldn't find GameCameras, make sure one exists in the scene.
Unloading 51 unused Assets to reduce memory usage. Loaded Objects now: 6526.
Total: 3.169100 ms (FindLiveObjects: 0.199500 ms CreateObjectMapping: 0.100900 ms MarkObjects: 2.844400 ms  DeleteObjects: 0.021000 ms)

Unloading 2 Unused Serialized files (Serialized files now loaded: 528)
Unloading 1 unused Assets to reduce memory usage. Loaded Objects now: 13758.
Total: 5.124900 ms (FindLiveObjects: 0.388500 ms CreateObjectMapping: 0.414100 ms MarkObjects: 4.300600 ms  DeleteObjects: 0.021300 ms)

Unloading 1 Unused Serialized files (Serialized files now loaded: 582)
Couldn't find GameCameras, make sure one exists in the scene.
Couldn't find a Game Manager, make sure one exists in the scene.
UnloadTime: 13.615800 ms
Loaded saved language code 'EN'
Restored language code 'EN'
Unloading 73 unused Assets to reduce memory usage. Loaded Objects now: 68017.
Total: 36.108000 ms (FindLiveObjects: 3.650300 ms CreateObjectMapping: 2.057700 ms MarkObjects: 30.066100 ms  DeleteObjects: 0.333400 ms)

Direct3D: detected that using refresh rate causes time drift. Will stop trusting refresh rate until the game window is moved.
Direct3D: detected that vsync is broken (it does not limit frame rate properly). Delta time will now be calculated using cpu-side time stampling until the game window is moved.
MenuButton missing flashEffect!
Making UI menu lean.
Only custom filters can be played. Please add a custom filter or an audioclip to the audiosource (Audio Player Actor Distant V2(Clone)).
Only custom filters can be played. Please add a custom filter or an audioclip to the audiosource (Audio Player Actor Distant V2(Clone)).
Only custom filters can be played. Please add a custom filter or an audioclip to the audiosource (Audio Player Actor Distant V2(Clone)).
Unloading 3 Unused Serialized files (Serialized files now loaded: 617)
Unloading 117 unused Assets to reduce memory usage. Loaded Objects now: 123024.
Total: 53.941500 ms (FindLiveObjects: 7.000700 ms CreateObjectMapping: 4.412700 ms MarkObjects: 41.607000 ms  DeleteObjects: 0.920400 ms)

Converting Vertex Colors from Color32 to Color.
Converting Vertex Colors from Color32 to Color.
Converting Vertex Colors from Color32 to Color.
Can not play a disabled audio source
Can not play a disabled audio source
Cannot set the parent of the GameObject 'Patrol Point' while activating or deactivating the parent GameObject 'Roachfeeder Short'.
Cannot set the parent of the GameObject 'Start Point' while activating or deactivating the parent GameObject 'Roachfeeder Short'.
Can not play a disabled audio source
Coroutine couldn't be started because the the game object 'Farmer Catcher (3)' is inactive!
Coroutine couldn't be started because the the game object 'Farmer Catcher (3)' is inactive!
Cannot set the parent of the GameObject 'Air Blow Region Updraft(Clone)' while activating or deactivating the parent GameObject 'Updraft Region'.
Next area display "Next Area Right (2)" in "Arborium" did not have map scene parent.
Cannot set the parent of the GameObject 'Air Blow Region Updraft(Clone)' while activating or deactivating the parent GameObject 'Updraft Region'.
Next area display "Next Area Right (2)" in "Arborium" did not have map scene parent.
Next area display "Next Area Right (2)" in "Arborium" did not have map scene parent.
Cannot set the parent of the GameObject 'Air Blow Region Updraft(Clone)' while activating or deactivating the parent GameObject 'Updraft Region'.
Next area display "Next Area Right (2)" in "Arborium" did not have map scene parent.
Next area display "Next Area Right (2)" in "Arborium" did not have map scene parent.
Cannot set the parent of the GameObject 'Air Blow Region Updraft(Clone)' while activating or deactivating the parent GameObject 'Updraft Region'.
Next area display "Next Area Right (2)" in "Arborium" did not have map scene parent.
Cannot set the parent of the GameObject 'Air Blow Region Updraft(Clone)' while activating or deactivating the parent GameObject 'Updraft Region'.
Next area display "Next Area Right (2)" in "Arborium" did not have map scene parent.
Next area display "Next Area Right (2)" in "Arborium" did not have map scene parent.
Next area display "Next Area Right (2)" in "Arborium" did not have map scene parent.
Next area display "Next Area Right (2)" in "Arborium" did not have map scene parent.
Next area display "Next Area Right (2)" in "Arborium" did not have map scene parent.
Next area display "Next Area Right (2)" in "Arborium" did not have map scene parent.
Next area display "Next Area Right (2)" in "Arborium" did not have map scene parent.
Next area display "Next Area Right (2)" in "Arborium" did not have map scene parent.
Cannot set the parent of the GameObject 'Pin' while activating or deactivating the parent GameObject 'Art'.
Next area display "Next Area Right (2)" in "Arborium" did not have map scene parent.
Next area display "Next Area Right (2)" in "Arborium" did not have map scene parent.
Next area display "Next Area Right (2)" in "Arborium" did not have map scene parent.
Next area display "Next Area Right (2)" in "Arborium" did not have map scene parent.
Next area display "Next Area Right (2)" in "Arborium" did not have map scene parent.
Next area display "Next Area Right (2)" in "Arborium" did not have map scene parent.
Could Not Create Action: : Dialogue: Churchkeeper:  (Maybe the script was removed?)
Next area display "Next Area Right (2)" in "Arborium" did not have map scene parent.
Next area display "Next Area Right (2)" in "Arborium" did not have map scene parent.
Next area display "Next Area Right (2)" in "Arborium" did not have map scene parent.
Next area display "Next Area Right (2)" in "Arborium" did not have map scene parent.
Next area display "Next Area Right (2)" in "Arborium" did not have map scene parent.
Could Not Create Action: : Dialogue: Churchkeeper:  (Maybe the script was removed?)
Could Not Create Action: : Dialogue: Churchkeeper:  (Maybe the script was removed?)
Can't add component 'AudioLowPassFilter' to Audio Player broken cogs because such a component is already added to the game object!
Next area display "Next Area Right (2)" in "Arborium" did not have map scene parent.
Next area display "Next Area Right (2)" in "Arborium" did not have map scene parent.
Next area display "Next Area Right (2)" in "Arborium" did not have map scene parent.
Next area display "Next Area Right (2)" in "Arborium" did not have map scene parent.
Next area display "Next Area Right (2)" in "Arborium" did not have map scene parent.
Next area display "Next Area Right (2)" in "Arborium" did not have map scene parent.
Next area display "Next Area Right (2)" in "Arborium" did not have map scene parent.
Next area display "Next Area Right (2)" in "Arborium" did not have map scene parent.
Next area display "Next Area Right (2)" in "Arborium" did not have map scene parent.
Next area display "Next Area Right (2)" in "Arborium" did not have map scene parent.
Next area display "Next Area Right (2)" in "Arborium" did not have map scene parent.
Next area display "Next Area Right (2)" in "Arborium" did not have map scene parent.
Next area display "Next Area Right (2)" in "Arborium" did not have map scene parent.
Next area display "Next Area Right (2)" in "Arborium" did not have map scene parent.
Next area display "Next Area Right (2)" in "Arborium" did not have map scene parent.
Next area display "Next Area Right (2)" in "Arborium" did not have map scene parent.
Next area display "Next Area Right (2)" in "Arborium" did not have map scene parent.
Next area display "Next Area Right (2)" in "Arborium" did not have map scene parent.
Next area display "Next Area Right (2)" in "Arborium" did not have map scene parent.
Next area display "Next Area Right (2)" in "Arborium" did not have map scene parent.
Next area display "Next Area Right (2)" in "Arborium" did not have map scene parent.
Next area display "Next Area Right (2)" in "Arborium" did not have map scene parent.
Next area display "Next Area Right (2)" in "Arborium" did not have map scene parent.
Next area display "Next Area Right (2)" in "Arborium" did not have map scene parent.
Unloading 1 Unused Serialized files (Serialized files now loaded: 600)
Unloading 12796 unused Assets to reduce memory usage. Loaded Objects now: 160369.
Total: 251.830900 ms (FindLiveObjects: 14.819600 ms CreateObjectMapping: 4.709700 ms MarkObjects: 67.514800 ms  DeleteObjects: 164.786400 ms)

Could Not Create Action: : Dialogue: Churchkeeper:  (Maybe the script was removed?)
Can't add component 'AudioLowPassFilter' to Audio Player broken cogs because such a component is already added to the game object!
Next area display "Next Area Right (2)" in "Arborium" did not have map scene parent.
Next area display "Next Area Right (2)" in "Arborium" did not have map scene parent.
Next area display "Next Area Right (2)" in "Arborium" did not have map scene parent.
Library not set
Shutting down Steam API.
[Physics::Module] Cleanup current backned.
[Physics::Module] Id: 0xf2b8ea05
Input System module state changed to: ShutdownInProgress.
Input System polling thread exited.
Input System module state changed to: Shutdown.
