Mono path[0] = 'C:/Users/John Rome Ilagan/Saved Games/Hollow.Knight.Silksong.v1.0.29315/Hollow.Knight.Silksong.v1.0.29315/Hollow Knight Silksong_Data/Managed'
Mono config path = 'C:/Users/John Rome Ilagan/Saved Games/Hollow.Knight.Silksong.v1.0.29315/Hollow.Knight.Silksong.v1.0.29315/MonoBleedingEdge/etc'
Input System module state changed to: Initialized.
[Physics::Module] Initialized fallback backend.
[Physics::Module] Id: 0xdecafbad
Initialize engine version: 6000.0.50f1-uum-100966-branch1 (16f07294548e)
[Subsystems] Discovering subsystems at path C:/Users/John Rome Ilagan/Saved Games/Hollow.Knight.Silksong.v1.0.29315/Hollow.Knight.Silksong.v1.0.29315/Hollow Knight Silksong_Data/UnitySubsystems
GfxDevice: creating device client; kGfxThreadingModeThreaded
Direct3D:
    Version:  Direct3D 11.0 [level 11.1]
    Renderer: NVIDIA GeForce RTX 3050 6GB Laptop GPU (ID=0x25ec)
    Vendor:   NVIDIA
    VRAM:     6002 MB
    Driver:   32.0.15.8186
Begin MonoManager ReloadAssembly
- Loaded All Assemblies, in  0.333 seconds
- Finished resetting the current domain, in  0.008 seconds
[Physics::Module] Selected backend.
[Physics::Module] Name: PhysX
[Physics::Module] Id: 0xf2b8ea05
[Physics::Module] SDK Version: 4.1.2
[Physics::Module] Integration Version: 1.0.0
[Physics::Module] Threading Mode: Multi-Threaded
<RI> Initializing input.
Using Windows.Gaming.Input
<RI> Input initialized.
<RI> Initialized touch support.
UnloadTime: 1.002700 ms
Steam initializing
Steam logged in as PLAYER
Selected online subsystem SteamOnlineSubsystem
Steam stats received.
Direct3D: detected that using refresh rate causes time drift. Will stop trusting refresh rate until the game window is moved.
Direct3D: detected that vsync is broken (it does not limit frame rate properly). Delta time will now be calculated using cpu-side time stampling until the game window is moved.
Unloading 5 Unused Serialized files (Serialized files now loaded: 528)
UnloadTime: 1.131800 ms
Discovered supported languages: DE, EN, ES, FR, IT, JA, KO, PT, RU, ZH
Loaded saved language code 'EN'
Restored language code 'EN'
Couldn't find a Game Manager, make sure one exists in the scene.
Couldn't find a Game Manager, make sure one exists in the scene.
Couldn't find GameCameras, make sure one exists in the scene.
Unloading 51 unused Assets to reduce memory usage. Loaded Objects now: 6526.
Total: 6.043300 ms (FindLiveObjects: 0.293400 ms CreateObjectMapping: 0.198000 ms MarkObjects: 5.514000 ms  DeleteObjects: 0.035200 ms)

Unloading 2 Unused Serialized files (Serialized files now loaded: 528)
Unloading 1 unused Assets to reduce memory usage. Loaded Objects now: 13758.
Total: 6.641000 ms (FindLiveObjects: 0.409700 ms CreateObjectMapping: 0.306000 ms MarkObjects: 5.895600 ms  DeleteObjects: 0.029300 ms)

Unloading 1 Unused Serialized files (Serialized files now loaded: 582)
Couldn't find GameCameras, make sure one exists in the scene.
Couldn't find a Game Manager, make sure one exists in the scene.
UnloadTime: 14.245600 ms
Loaded saved language code 'EN'
Restored language code 'EN'
Unloading 73 unused Assets to reduce memory usage. Loaded Objects now: 68017.
Total: 62.013200 ms (FindLiveObjects: 5.627900 ms CreateObjectMapping: 3.601900 ms MarkObjects: 52.367100 ms  DeleteObjects: 0.415700 ms)

MenuButton missing flashEffect!
Making UI menu lean.
Only custom filters can be played. Please add a custom filter or an audioclip to the audiosource (Audio Player Actor Distant V2(Clone)).
Only custom filters can be played. Please add a custom filter or an audioclip to the audiosource (Audio Player Actor Distant V2(Clone)).
Only custom filters can be played. Please add a custom filter or an audioclip to the audiosource (Audio Player Actor Distant V2(Clone)).
Unloading 3 Unused Serialized files (Serialized files now loaded: 590)
Unloading 113 unused Assets to reduce memory usage. Loaded Objects now: 121784.
Total: 49.973000 ms (FindLiveObjects: 8.064700 ms CreateObjectMapping: 4.707000 ms MarkObjects: 36.411500 ms  DeleteObjects: 0.789400 ms)

Converting Vertex Colors from Color32 to Color.
Converting Vertex Colors from Color32 to Color.
Converting Vertex Colors from Color32 to Color.
Next area display "Next Area Right (2)" in "Arborium" did not have map scene parent.
Next area display "Next Area Right (2)" in "Arborium" did not have map scene parent.
Could Not Create Action: : Dialogue: Churchkeeper:  (Maybe the script was removed?)
Next area display "Next Area Right (2)" in "Arborium" did not have map scene parent.
Cannot set the parent of the GameObject 'Start Marker' while activating or deactivating the parent GameObject 'Song Reed Grand'.
Cannot set the parent of the GameObject 'Battle Range' while activating or deactivating the parent GameObject 'Song Reed Grand'.
Can't add component 'AudioLowPassFilter' to Audio Player broken cogs because such a component is already added to the game object!
Next area display "Next Area Right (2)" in "Arborium" did not have map scene parent.
Next area display "Next Area Right (2)" in "Arborium" did not have map scene parent.
Next area display "Next Area Right (2)" in "Arborium" did not have map scene parent.
Next area display "Next Area Right (2)" in "Arborium" did not have map scene parent.
Next area display "Next Area Right (2)" in "Arborium" did not have map scene parent.
Next area display "Next Area Right (2)" in "Arborium" did not have map scene parent.
Next area display "Next Area Right (2)" in "Arborium" did not have map scene parent.
Next area display "Next Area Right (2)" in "Arborium" did not have map scene parent.
Next area display "Next Area Right (2)" in "Arborium" did not have map scene parent.
Next area display "Next Area Right (2)" in "Arborium" did not have map scene parent.
Shutting down Steam API.
[Physics::Module] Cleanup current backned.
[Physics::Module] Id: 0xf2b8ea05
Input System module state changed to: ShutdownInProgress.
Input System polling thread exited.
Input System module state changed to: Shutdown.
