Mono path[0] = 'C:/Users/John Rome Ilagan/Saved Games/Hollow Knight/hollow_knight_Data/Managed'
Mono config path = 'C:/Users/John Rome Ilagan/Saved Games/Hollow Knight/MonoBleedingEdge/etc'
Input System module state changed to: Initialized.
[Physics::Module] Initialized fallback backend.
[Physics::Module] Id: 0xdecafbad
Initialize engine version: 6000.0.61f1 (74a0adb02c31)
[Subsystems] Discovering subsystems at path C:/Users/John Rome Ilagan/Saved Games/Hollow Knight/hollow_knight_Data/UnitySubsystems
GfxDevice: creating device client; kGfxThreadingModeThreaded
Direct3D:
    Version:  Direct3D 11.0 [level 11.1]
    Renderer: NVIDIA GeForce RTX 3050 6GB Laptop GPU (ID=0x25ec)
    Vendor:   NVIDIA
    VRAM:     6002 MB
    Driver:   32.0.15.8186
Begin MonoManager ReloadAssembly
- Loaded All Assemblies, in  0.261 seconds
- Finished resetting the current domain, in  0.005 seconds
[Physics::Module] Selected backend.
[Physics::Module] Name: PhysX
[Physics::Module] Id: 0xf2b8ea05
[Physics::Module] SDK Version: 4.1.2
[Physics::Module] Integration Version: 1.0.0
[Physics::Module] Threading Mode: Multi-Threaded
<RI> Initializing input.
Using Windows.Gaming.Input
<RI> Input initialized.
UnloadTime: 0.748200 ms
Steam initializing
Steam logged in as STEAMRIP
Selected online subsystem SteamOnlineSubsystem
Discovered supported languages: DE, EN, ES, FR, IT, JA, KO, PT, RU, ZH
Unloading 5 Unused Serialized files (Serialized files now loaded: 0)
Loaded saved language code 'EN'
Restored language code 'EN'
Unloading 48 unused Assets to reduce memory usage. Loaded Objects now: 4240.
Total: 3.026000 ms (FindLiveObjects: 0.186600 ms CreateObjectMapping: 0.106400 ms MarkObjects: 2.700700 ms  DeleteObjects: 0.031200 ms)

Couldn't find GameCameras, make sure one exists in the scene.
Steam stats received.
Unloading 5 Unused Serialized files (Serialized files now loaded: 0)
Direct3D: detected that using refresh rate causes time drift. Will stop trusting refresh rate until the game window is moved.
Direct3D: detected that vsync is broken (it does not limit frame rate properly). Delta time will now be calculated using cpu-side time stampling until the game window is moved.
Didn't need to wait for PlayerPrefs load.
Couldn't find GameCameras, make sure one exists in the scene.
UnloadTime: 3.943500 ms
DontDestroyOnLoad only works for root GameObjects or components on root GameObjects.
Performing automatic level start.
Game controller set to None.
Loaded saved language code 'EN'
Restored language code 'EN'
Attempting to get `timeSamples` on an audio source that has a resource assigned that is not a clip is ignored!
pd.maxHealth: 8 pd.maxHealthBase: 8
pd.maxHealth: 7 pd.maxHealthBase: 7
Unloading 64 unused Assets to reduce memory usage. Loaded Objects now: 47345.
Total: 27.212700 ms (FindLiveObjects: 2.552200 ms CreateObjectMapping: 0.782200 ms MarkObjects: 23.687500 ms  DeleteObjects: 0.190500 ms)

Making UI menu lean.
Attempting to get `timeSamples` on an audio source that has a resource assigned that is not a clip is ignored!
Unloading 11 Unused Serialized files (Serialized files now loaded: 0)
Unloading 191 unused Assets to reduce memory usage. Loaded Objects now: 51598.
Total: 27.142700 ms (FindLiveObjects: 2.857200 ms CreateObjectMapping: 0.986600 ms MarkObjects: 21.878400 ms  DeleteObjects: 1.420200 ms)

Attempting to update blur with no renderer. Will try to find it now...
Object Pool attached to GlobalPool has run out of Run Effects prefabs, Instantiating an additional one.
Object Pool attached to GlobalPool has run out of Run Effects prefabs, Instantiating an additional one.
Object Pool attached to GlobalPool has run out of Run Effects prefabs, Instantiating an additional one.
Object Pool attached to GlobalPool has run out of Run Effects prefabs, Instantiating an additional one.
Object Pool attached to GlobalPool has run out of Death Wave Infected R prefabs, Instantiating an additional one.
Object Pool attached to GlobalPool has run out of Strike Nail R prefabs, Instantiating an additional one.
Bump Height: 7.629395E-06
Could not find FSM: health_manager_enemy
Could not find FSM: health_manager_enemy
Could not find FSM: health_manager_enemy
Could not find FSM: health_manager_enemy
Unsupported type: null
Unsupported type: null
Attempting to get `timeSamples` on an audio source that has a resource assigned that is not a clip is ignored!
Unloading 50 Unused Serialized files (Serialized files now loaded: 0)
Unloading 1784 unused Assets to reduce memory usage. Loaded Objects now: 60973.
Total: 43.869000 ms (FindLiveObjects: 3.359700 ms CreateObjectMapping: 1.500700 ms MarkObjects: 35.638000 ms  DeleteObjects: 3.370100 ms)

Couldn't get static variable: skipRemoveDreamOrbs
Object Pool attached to GlobalPool has run out of Slash Impact R prefabs, Instantiating an additional one.
Object Pool attached to GlobalPool has run out of Strike Nail R prefabs, Instantiating an additional one.
Object Pool attached to GlobalPool has run out of Slash Impact R prefabs, Instantiating an additional one.
Could not find FSM: Control Lever
Could not find FSM: Control Lever
Could not find FSM: Control Lever
Could not find FSM: Control Lever
Object Pool attached to GlobalPool could not find a copy of Audio Player NoDestroy, Instantiating a new one.
Persistent Bool Item - Couldn't reset value on FSM because it's missing.
Persistent Bool Item - Couldn't reset value on FSM because it's missing.
Persistent Bool Item - Couldn't reset value on FSM because it's missing.
Persistent Bool Item - Couldn't reset value on FSM because it's missing.
Persistent Bool Item - Couldn't reset value on FSM because it's missing.
Persistent Bool Item - Couldn't reset value on FSM because it's missing.
Persistent Bool Item - Couldn't reset value on FSM because it's missing.
Persistent Bool Item - Couldn't reset value on FSM because it's missing.
Persistent Bool Item - Couldn't reset value on FSM because it's missing.
Persistent Bool Item - Couldn't reset value on FSM because it's missing.
Unloading 42 Unused Serialized files (Serialized files now loaded: 0)
Unloading 1772 unused Assets to reduce memory usage. Loaded Objects now: 59482.
Total: 46.819700 ms (FindLiveObjects: 4.284900 ms CreateObjectMapping: 1.319400 ms MarkObjects: 38.057600 ms  DeleteObjects: 3.157000 ms)

Coroutine couldn't be started because the the game object 'Arrow Prompt New(Clone)' is inactive!
Attempting to get `timeSamples` on an audio source that has a resource assigned that is not a clip is ignored!
Unloading 35 Unused Serialized files (Serialized files now loaded: 0)
Unloading 484 unused Assets to reduce memory usage. Loaded Objects now: 61111.
Total: 42.854700 ms (FindLiveObjects: 3.346100 ms CreateObjectMapping: 1.215200 ms MarkObjects: 37.222500 ms  DeleteObjects: 1.070400 ms)

Could not find FSM: Control Lever
Could not find FSM: Control Lever
Object Pool attached to GlobalPool has run out of Slash Impact R prefabs, Instantiating an additional one.
Object Pool attached to GlobalPool has run out of Strike Nail R prefabs, Instantiating an additional one.
Could not find FSM: Control Lever
Could not find FSM: Control Lever
Could not find FSM: health_manager_enemy
nailDamage: 21, multiplied: 52.5
Shutting down Steam API.
[Physics::Module] Cleanup current backned.
[Physics::Module] Id: 0xf2b8ea05
Input System module state changed to: ShutdownInProgress.
Input System polling thread exited.
Input System module state changed to: Shutdown.
