Mono path[0] = 'C:/Users/John Rome Ilagan/Saved Games/Mini.Motorways.v2023.07.24/Mini.Motorways.v2023.07.24/Mini Motorways_Data/Managed'
Mono config path = 'C:/Users/John Rome Ilagan/Saved Games/Mini.Motorways.v2023.07.24/Mini.Motorways.v2023.07.24/MonoBleedingEdge/etc'
Initialize engine version: 2020.3.15f2 (6cf78cb77498)
[Subsystems] Discovering subsystems at path C:/Users/John Rome Ilagan/Saved Games/Mini.Motorways.v2023.07.24/Mini.Motorways.v2023.07.24/Mini Motorways_Data/UnitySubsystems
GfxDevice: creating device client; threaded=1
Direct3D:
    Version:  Direct3D 11.0 [level 11.1]
    Renderer: NVIDIA GeForce RTX 3050 6GB Laptop GPU (ID=0x25ec)
    Vendor:   (null)
    VRAM:     3072 MB
    Driver:   32.0.15.7262
Begin MonoManager ReloadAssembly
- Completed reload, in 10.824 seconds
D3D11 device created for Microsoft Media Foundation video decoding.
<RI> Initializing input.
<RI> Input initialized.
<RI> Initialized touch support.
UnloadTime: 2.363900 ms
Parent of RectTransform is being set with parent property. Consider using the SetParent method instead, with the worldPositionStays argument set to false. This will retain local orientation and scale rather than world orientation and scale, which can prevent common UI scaling issues.

Assembler serializer hash codes: -1003769452, -1197477555

The character with Unicode value \u007B was not found in the [Helvetica Neue] font asset or any potential fallbacks. It was replaced by Unicode character \u25A1 in text object [WeekTitle].

The character with Unicode value \u007D was not found in the [Helvetica Neue] font asset or any potential fallbacks. It was replaced by Unicode character \u25A1 in text object [WeekTitle].

Unknown type found for key otherUpgrade, this value will not be included in event upgradeChoice.

Unknown type found for key otherUpgrade, this value will not be included in event upgradeChoice.

The character with Unicode value \u007B was not found in the [Helvetica Neue] font asset or any potential fallbacks. It was replaced by Unicode character \u25A1 in text object [WeekTitle].

The character with Unicode value \u007D was not found in the [Helvetica Neue] font asset or any potential fallbacks. It was replaced by Unicode character \u25A1 in text object [WeekTitle].

Unknown type found for key otherUpgrade, this value will not be included in event upgradeChoice.

Unknown type found for key otherUpgrade, this value will not be included in event upgradeChoice.

The character with Unicode value \u007B was not found in the [Helvetica Neue] font asset or any potential fallbacks. It was replaced by Unicode character \u25A1 in text object [WeekTitle].

The character with Unicode value \u007D was not found in the [Helvetica Neue] font asset or any potential fallbacks. It was replaced by Unicode character \u25A1 in text object [WeekTitle].

Unknown type found for key otherUpgrade, this value will not be included in event upgradeChoice.

Unknown type found for key otherUpgrade, this value will not be included in event upgradeChoice.

The character with Unicode value \u007B was not found in the [Helvetica Neue] font asset or any potential fallbacks. It was replaced by Unicode character \u25A1 in text object [WeekTitle].

The character with Unicode value \u007D was not found in the [Helvetica Neue] font asset or any potential fallbacks. It was replaced by Unicode character \u25A1 in text object [WeekTitle].

Unknown type found for key otherUpgrade, this value will not be included in event upgradeChoice.

The character with Unicode value \u007B was not found in the [Helvetica Neue] font asset or any potential fallbacks. It was replaced by Unicode character \u25A1 in text object [WeekTitle].

The character with Unicode value \u007D was not found in the [Helvetica Neue] font asset or any potential fallbacks. It was replaced by Unicode character \u25A1 in text object [WeekTitle].

Unknown type found for key otherUpgrade, this value will not be included in event upgradeChoice.

The character with Unicode value \u007B was not found in the [Helvetica Neue] font asset or any potential fallbacks. It was replaced by Unicode character \u25A1 in text object [WeekTitle].

The character with Unicode value \u007D was not found in the [Helvetica Neue] font asset or any potential fallbacks. It was replaced by Unicode character \u25A1 in text object [WeekTitle].

Unknown type found for key otherUpgrade, this value will not be included in event upgradeChoice.

The character with Unicode value \u007B was not found in the [Helvetica Neue] font asset or any potential fallbacks. It was replaced by Unicode character \u25A1 in text object [WeekTitle].

The character with Unicode value \u007D was not found in the [Helvetica Neue] font asset or any potential fallbacks. It was replaced by Unicode character \u25A1 in text object [WeekTitle].

Unknown type found for key otherUpgrade, this value will not be included in event upgradeChoice.

Unknown type found for key otherUpgrade, this value will not be included in event upgradeChoice.

The character with Unicode value \u007B was not found in the [Helvetica Neue] font asset or any potential fallbacks. It was replaced by Unicode character \u25A1 in text object [WeekTitle].

The character with Unicode value \u007D was not found in the [Helvetica Neue] font asset or any potential fallbacks. It was replaced by Unicode character \u25A1 in text object [WeekTitle].

Unknown type found for key otherUpgrade, this value will not be included in event upgradeChoice.

Unknown type found for key otherUpgrade, this value will not be included in event upgradeChoice.

Unknown type found for key otherUpgrade, this value will not be included in event upgradeChoice.

The character with Unicode value \u007B was not found in the [Helvetica Neue] font asset or any potential fallbacks. It was replaced by Unicode character \u25A1 in text object [WeekTitle].

The character with Unicode value \u007D was not found in the [Helvetica Neue] font asset or any potential fallbacks. It was replaced by Unicode character \u25A1 in text object [WeekTitle].

Unknown type found for key otherUpgrade, this value will not be included in event upgradeChoice.

The character with Unicode value \u007B was not found in the [Helvetica Neue] font asset or any potential fallbacks. It was replaced by Unicode character \u25A1 in text object [WeekTitle].

The character with Unicode value \u007D was not found in the [Helvetica Neue] font asset or any potential fallbacks. It was replaced by Unicode character \u25A1 in text object [WeekTitle].

Unknown type found for key otherUpgrade, this value will not be included in event upgradeChoice.

Unknown type found for key otherUpgrade, this value will not be included in event upgradeChoice.

Unknown type found for key otherUpgrade, this value will not be included in event upgradeChoice.

The character with Unicode value \u007B was not found in the [Helvetica Neue] font asset or any potential fallbacks. It was replaced by Unicode character \u25A1 in text object [WeekTitle].

The character with Unicode value \u007D was not found in the [Helvetica Neue] font asset or any potential fallbacks. It was replaced by Unicode character \u25A1 in text object [WeekTitle].

Unknown type found for key otherUpgrade, this value will not be included in event upgradeChoice.

Direct3D: detected that using refresh rate causes time drift. Will stop trusting refresh rate until the game window is moved.
Direct3D: detected that vsync is broken (it does not limit frame rate properly). Delta time will now be calculated using cpu-side time stampling until the game window is moved.
Unknown type found for key otherUpgrade, this value will not be included in event upgradeChoice.

Unknown type found for key otherUpgrade, this value will not be included in event upgradeChoice.

The character with Unicode value \u007B was not found in the [Helvetica Neue] font asset or any potential fallbacks. It was replaced by Unicode character \u25A1 in text object [WeekTitle].

The character with Unicode value \u007D was not found in the [Helvetica Neue] font asset or any potential fallbacks. It was replaced by Unicode character \u25A1 in text object [WeekTitle].

Unknown type found for key otherUpgrade, this value will not be included in event upgradeChoice.

The character with Unicode value \u007B was not found in the [Helvetica Neue] font asset or any potential fallbacks. It was replaced by Unicode character \u25A1 in text object [WeekTitle].

The character with Unicode value \u007D was not found in the [Helvetica Neue] font asset or any potential fallbacks. It was replaced by Unicode character \u25A1 in text object [WeekTitle].

Unknown type found for key otherUpgrade, this value will not be included in event upgradeChoice.

The character used for Underline is not available in font asset [JF Flat].

The character used for Underline is not available in font asset [Noto Sans CJK JP].

The character used for Underline is not available in font asset [Noto Sans CJK KR].

The character used for Underline is not available in font asset [Noto Sans CJK SC].

The character used for Underline is not available in font asset [Noto Sans CJK TC].

Unknown type found for key otherUpgrade, this value will not be included in event upgradeChoice.

Unknown type found for key otherUpgrade, this value will not be included in event upgradeChoice.

Unknown type found for key otherUpgrade, this value will not be included in event upgradeChoice.

Unknown type found for key otherUpgrade, this value will not be included in event upgradeChoice.

Setting up 8 worker threads for Enlighten.
  Thread -> id: 43f4 -> priority: 1 
  Thread -> id: 4118 -> priority: 1 
  Thread -> id: 189c -> priority: 1 
  Thread -> id: 2c58 -> priority: 1 
  Thread -> id: 3ee4 -> priority: 1 
  Thread -> id: 14b0 -> priority: 1 
  Thread -> id: 35c0 -> priority: 1 
  Thread -> id: 7d4 -> priority: 1 
Curl error 42: Callback aborted
