Mono path[0] = 'C:/Users/John Rome Ilagan/Saved Games/TheAltoCollection/The Alto Collection_Data/Managed'
Mono config path = 'C:/Users/John Rome Ilagan/Saved Games/TheAltoCollection/MonoBleedingEdge/etc'
Initialize engine version: 2019.2.6f1 (fe82a0e88406)
[XR] Discovering subsystems at path C:/Users/John Rome Ilagan/Saved Games/TheAltoCollection/The Alto Collection_Data/UnitySubsystems
GfxDevice: creating device client; threaded=1
Direct3D:
    Version:  Direct3D 11.0 [level 11.1]
    Renderer: NVIDIA GeForce RTX 3050 6GB Laptop GPU (ID=0x25ec)
    Vendor:   
    VRAM:     6002 MB
    Driver:   32.0.15.7262
Begin MonoManager ReloadAssembly
- Completed reload, in  0.076 seconds
<RI> Initializing input.
XInput1_3.dll not found. Trying XInput9_1_0.dll instead...
<RI> Input initialized.
<RI> Initialized touch support.
UnloadTime: 1.094700 ms
WwiseUnity: Sound engine initialized successfully.
 
(Filename: C:\buildslave\unity\build\Runtime/Export/Debug/Debug.bindings.h Line: 35)

[SplashScreen] Noise keyword set to <b>True</b>
 
(Filename: C:\buildslave\unity\build\Runtime/Export/Debug/Debug.bindings.h Line: 35)

[0]: C:\Users\John Rome Ilagan\Saved Games\TheAltoCollection\The Alto Collection.exe
 
(Filename: C:\buildslave\unity\build\Runtime/Export/Debug/Debug.bindings.h Line: 35)

Succeeded: Initialize
 
(Filename: C:\buildslave\unity\build\Runtime/Export/Debug/Debug.bindings.h Line: 35)

[GraphicsManager] Warming up <b>noise</b> shader variants
 
(Filename: C:\buildslave\unity\build\Runtime/Export/Debug/Debug.bindings.h Line: 35)

Setting up 8 worker threads for Enlighten.
  Thread -> id: 4168 -> priority: 1 
  Thread -> id: 43d4 -> priority: 1 
  Thread -> id: 1adc -> priority: 1 
  Thread -> id: 1604 -> priority: 1 
  Thread -> id: 21cc -> priority: 1 
  Thread -> id: 3e88 -> priority: 1 
  Thread -> id: 45b0 -> priority: 1 
  Thread -> id: 27cc -> priority: 1 SuSucceeded: Create Platform
 
(Filename: C:\buildslave\unity\build\Runtime/Export/Debug/Debug.bindings.h Line: 35)

Succeeded: Register Login: 8
 
(Filename: C:\buildslave\unity\build\Runtime/Export/Debug/Debug.bindings.h Line: 35)

Credentials: Type: ExchangeCode Id:  Token: 
 
(Filename: C:\buildslave\unity\build\Runtime/Export/Debug/Debug.bindings.h Line: 35)

Login InvalidParameters
 
(Filename: C:\buildslave\unity\build\Runtime/Export/Debug/Debug.bindings.h Line: 35)

Failed: Login
 
(Filename: C:\buildslave\unity\build\Runtime/Export/Debug/Debug.bindings.h Line: 35)
UnUnloading 6 Unused Serialized files (Serialized files now loaded: 0)
UnloadTime: 0.919100 msInInstance of manager prefab 'GameSelectPanel' already exists in scene
 
(Filename: C:\buildslave\unity\build\Runtime/Export/Debug/Debug.bindings.h Line: 35)
DeDestroying singleton AltoSceneManager
 
(Filename: C:\buildslave\unity\build\Runtime/Export/Debug/Debug.bindings.h Line: 35)


Unloading 7 unused Assets to reduce memory usage. Loaded Objects now: 4025.
Total: 8.867600 ms (FindLiveObjects: 0.753900 ms CreateObjectMapping: 0.093200 ms MarkObjects: 7.890200 ms  DeleteObjects: 0.129700 ms)

Unloading 1 Unused Serialized files (Serialized files now loaded: 0)

Unloading 0 unused Assets to reduce memory usage. Loaded Objects now: 4025.
Total: 1.836300 ms (FindLiveObjects: 0.403700 ms CreateObjectMapping: 0.168600 ms MarkObjects: 1.256500 ms  DeleteObjects: 0.007400 ms)
UnCredentials: Type: ExchangeCode Id:  Token: 
 
(Filename: C:\buildslave\unity\build\Runtime/Export/Debug/Debug.bindings.h Line: 35)

Login InvalidParameters
 
(Filename: C:\buildslave\unity\build\Runtime/Export/Debug/Debug.bindings.h Line: 35)

Failed: Login
 
(Filename: C:\buildslave\unity\build\Runtime/Export/Debug/Debug.bindings.h Line: 35)

Credentials: Type: ExchangeCode Id:  Token: 
 
(Filename: C:\buildslave\unity\build\Runtime/Export/Debug/Debug.bindings.h Line: 35)

Login InvalidParameters
 
(Filename: C:\buildslave\unity\build\Runtime/Export/Debug/Debug.bindings.h Line: 35)

Failed: Login
 
(Filename: C:\buildslave\unity\build\Runtime/Export/Debug/Debug.bindings.h Line: 35)

Credentials: Type: ExchangeCode Id:  Token: 
 
(Filename: C:\buildslave\unity\build\Runtime/Export/Debug/Debug.bindings.h Line: 35)

Login InvalidParameters
 
(Filename: C:\buildslave\unity\build\Runtime/Export/Debug/Debug.bindings.h Line: 35)

Failed: Login
 
(Filename: C:\buildslave\unity\build\Runtime/Export/Debug/Debug.bindings.h Line: 35)

Credentials: Type: ExchangeCode Id:  Token: 
 
(Filename: C:\buildslave\unity\build\Runtime/Export/Debug/Debug.bindings.h Line: 35)

Login InvalidParameters
 
(Filename: C:\buildslave\unity\build\Runtime/Export/Debug/Debug.bindings.h Line: 35)

Failed: Login
 
(Filename: C:\buildslave\unity\build\Runtime/Export/Debug/Debug.bindings.h Line: 35)

ild\Runtime/Export/Debug/Debug.bindings.h Line: 35)

Failed: Login
 
(Filename: C:\buildslave\unity\build\Runtime/Export/Debug/Debug.bindings.h Line: 35)

Credentials: Type: ExchangeCode Id:  Token: 
 
(Filename: C:\buildslave\unity\build\Runtime/Export/Debug/Debug.bindings.h Line: 35)

Login InvalidParameters
 
(Filename: C:\buildslave\unity\build\Runtime/Export/Debug/Debug.bindings.h Line: 35)

Failed: Login
 
(Filename: C:\buildslave\unity\build\Runtime/Export/Debug/Debug.bindings.h Line: 35)

Credentials: Type: ExchangeCode Id:  Token: 
 
(Filename: C:\buildslave\unity\build\Runtime/Export/Debug/Debug.bindings.h Line: 35)

Login InvalidParameters
 
(Filename: C:\buildslave\unity\build\Runtime/Export/Debug/Debug.bindings.h Line: 35)

Failed: Login
 
(Filename: C:\buildslave\unity\build\Runtime/Export/Debug/Debug.bindings.h Line: 35)

